2023-12-19 22:21:46,284 INFO Начало работы
2023-12-19 22:21:46,284 INFO Успешное открытие файла
2023-12-19 22:21:46,284 INFO Вопрос 1 - 1. На каком этапе разработки ПО выполняется описание алгоритмов?
2023-12-19 22:21:47,644 ERROR Буквенная ошибка.
2023-12-19 22:21:48,414 ERROR Числовая ошибка. Пользователь ввел 100
2023-12-19 22:21:49,394 ERROR Числовая ошибка. Пользователь ввел 0
2023-12-19 22:21:51,510 INFO Ответ пользователя - 1. Он правильный
2023-12-19 22:21:51,510 INFO Вопрос 2 - 2. Технический долг не является следствием
2023-12-19 22:21:51,816 INFO Ответ пользователя - 1. Он неправильный
2023-12-19 22:21:51,816 INFO Вопрос 3 - 3. Трансцендентный взгляд на качество гласит: Качество это то что лучше подходит пользователю в контекст применения
2023-12-19 22:21:52,111 INFO Ответ пользователя - 1. Он неправильный
2023-12-19 22:21:52,111 INFO Вопрос 4 - 4. Тестирование, основанное на анализе внутренней структуры компонента или системы - это тестирование методом
2023-12-19 22:21:52,421 INFO Ответ пользователя - 1. Он неправильный
2023-12-19 22:21:52,421 INFO Вопрос 5 - 5. Рефакторинг нужен когда
2023-12-19 22:21:52,706 INFO Ответ пользователя - 1. Он неправильный
2023-12-19 22:21:52,707 INFO Количество правильных ответов - 1 (20.0%)
2023-12-19 22:21:52,707 INFO 
2023-12-19 22:22:31,626 INFO Начало работы
2023-12-19 22:22:31,626 INFO Успешное открытие файла
2023-12-19 22:22:31,626 INFO Вопрос 1 - Критерием качества программы, определяющим соответствие результатов программы ее спецификации, является
2023-12-19 22:22:33,740 ERROR Буквенная ошибка.
2023-12-19 22:22:34,839 ERROR Числовая ошибка. Пользователь ввел 100
2023-12-19 22:22:35,475 ERROR Числовая ошибка. Пользователь ввел 0
2023-12-19 22:22:39,837 INFO Ответ пользователя - 1. Он неправильный
2023-12-19 22:22:39,837 INFO Вопрос 2 - Когда некоторые этапы алгоритма повторяются многократно, алгоритмическая конструкция носит название
2023-12-19 22:22:40,178 INFO Ответ пользователя - 1. Он неправильный
2023-12-19 22:22:40,178 INFO Вопрос 3 - Переменная, изменяющаясвое значение при каждом вхождении в цикл, называется
2023-12-19 22:22:40,512 INFO Ответ пользователя - 1. Он неправильный
2023-12-19 22:22:40,513 INFO Вопрос 4 - Понятное  и точное предписание исполнителю выполнить конечную последовательность команд, приводящую от исходных данных к искомому результату, называется
2023-12-19 22:22:40,853 INFO Ответ пользователя - 1. Он неправильный
2023-12-19 22:22:40,853 INFO Вопрос 5 - Алгоритмом можно назвать
2023-12-19 22:22:41,182 INFO Ответ пользователя - 1. Он правильный
2023-12-19 22:22:41,183 INFO Вопрос 6 - Многократно повторяющаяся часть алгоритма  называется
2023-12-19 22:22:41,513 INFO Ответ пользователя - 1. Он неправильный
2023-12-19 22:22:41,513 INFO Вопрос 7 - Для понятности текстов программ в имени целых переменных включают приставку
2023-12-19 22:22:41,878 INFO Ответ пользователя - 1. Он неправильный
2023-12-19 22:22:41,878 INFO Количество правильных ответов - 1 (14.29%)
2023-12-19 22:22:41,878 INFO 
